<?xml version="1.0" encoding="UTF-8"?>
<!-- Generated by org.testng.reporters.JUnitReportReporter -->
<testsuite hostname="LIN86000249" name="testcases.VerifyHomePage" tests="1" failures="0" timestamp="1 Nov 2018 06:46:04 GMT" time="12.082" errors="0">
  <testcase name="testHomePage" time="12.082" classname="testcases.VerifyHomePage"/>
</testsuite> <!-- testcases.VerifyHomePage -->
