<?xml version="1.0" encoding="UTF-8"?>
<!-- Generated by org.testng.reporters.JUnitReportReporter -->
<testsuite hostname="LIN86000249" name="testcases.VerifyLoginPage" tests="1" failures="0" timestamp="1 Nov 2018 07:02:55 GMT" time="32.528" errors="0">
  <testcase name="testLoginPage" time="32.528" classname="testcases.VerifyLoginPage"/>
</testsuite> <!-- testcases.VerifyLoginPage -->
