<?xml version="1.0" encoding="UTF-8"?>
<!-- Generated by org.testng.reporters.JUnitReportReporter -->
<testsuite hostname="DESKTOP-E8IIGOH" name="testCases.AddEmployee" tests="1" failures="0" timestamp="1 Mar 2018 15:58:33 GMT" time="48.526" errors="0">
  <testcase name="addEmployee" time="48.526" classname="testCases.AddEmployee"/>
</testsuite> <!-- testCases.AddEmployee -->
