<?xml version="1.0" encoding="UTF-8"?>
<!-- Generated by org.testng.reporters.JUnitReportReporter -->
<testsuite hostname="DESKTOP-E8IIGOH" name="testCases.CreateUser" tests="1" failures="0" timestamp="1 Mar 2018 15:58:33 GMT" time="9.853" errors="0">
  <testcase name="createUser" time="9.853" classname="testCases.CreateUser"/>
</testsuite> <!-- testCases.CreateUser -->
